<?xml version="1.0" encoding="UTF-8"?>
<testsuite name="com.bl.userregistration.UserRegistrationTest" tests="1" skipped="0" failures="0" errors="0" timestamp="2021-10-28T17:25:40" hostname="LAPTOP-LTNNVO58" time="0.002">
  <properties/>
  <testcase name="givenPassword_WhenOneUpperCase_ShouldReturnTrue" classname="com.bl.userregistration.UserRegistrationTest" time="0.002"/>
  <system-out><![CDATA[]]></system-out>
  <system-err><![CDATA[]]></system-err>
</testsuite>
