<?xml version="1.0" encoding="UTF-8"?>
<testsuite name="com.bl.userregistration.UserRegistrationTest" tests="1" skipped="0" failures="0" errors="0" timestamp="2021-10-28T16:17:03" hostname="LAPTOP-LTNNVO58" time="0.004">
  <properties/>
  <testcase name="givenPhoneNumber_WhenCorrect_ShouldReturnTrue" classname="com.bl.userregistration.UserRegistrationTest" time="0.004"/>
  <system-out><![CDATA[]]></system-out>
  <system-err><![CDATA[]]></system-err>
</testsuite>
